2026-04-02T13:30:23.182045 === 每日检查 ===
2026-04-02T13:30:40.653904 系统状态: total=500, completed=410, blocked=88, background_root_missing=0
2026-04-02T13:30:40.653985 ⚠️ 发现 88 个阻塞任务
2026-04-02T13:30:40.654022 === 每周检查 ===
2026-04-02T13:30:40.654081 记忆状态: files=0, lines=0
2026-04-02T13:30:40.654114 === 每月检查 ===
2026-04-02T13:30:40.654171 规则状态: rules=0
2026-04-02T13:32:10.544475 === 每日检查 ===
2026-04-02T13:32:31.182357 系统状态: total=500, completed=467, blocked=31, background_root_missing=5
2026-04-02T13:32:31.182506 ⚠️ 发现 5 个孤儿任务
2026-04-02T13:32:31.182814 ⚠️ 发现 31 个阻塞任务
2026-04-02T13:32:31.182861 === 每周检查 ===
2026-04-02T13:32:31.182932 记忆状态: files=0, lines=0
2026-04-02T13:32:31.182964 === 每月检查 ===
2026-04-02T13:32:31.183022 规则状态: rules=0
2026-04-02T13:33:18.839382 === 每日检查 ===
2026-04-02T13:33:36.710633 系统状态: total=500, completed=499, blocked=0, background_root_missing=0
2026-04-02T13:33:36.710718 === 每周检查 ===
2026-04-02T13:33:36.710779 记忆状态: files=0, lines=0
2026-04-02T13:33:36.710810 === 每月检查 ===
2026-04-02T13:33:36.710859 规则状态: rules=0
